This file contains any messages produced by compilers while
running configure, to aid debugging if configure makes a mistake.

It was created by MPEG Audio Decoder configure 0.15.1b, which was
generated by GNU Autoconf 2.59.  Invocation command line was

  $ ./configure --prefix=/home/sunny/workspace/madplay/_install_arm --host=arm-linux

## --------- ##
## Platform. ##
## --------- ##

hostname = sunny-virtual-machine
uname -m = x86_64
uname -r = 4.4.0-31-generic
uname -s = Linux
uname -v = #50~14.04.1-Ubuntu SMP Wed Jul 13 01:07:32 UTC 2016

/usr/bin/uname -p = unknown
/bin/uname -X     = unknown

/bin/arch              = unknown
/usr/bin/arch -k       = unknown
/usr/convex/getsysinfo = unknown
hostinfo               = unknown
/bin/machine           = unknown
/usr/bin/oslevel       = unknown
/bin/universe          = unknown

PATH: /home/sunny/gcc-arm-none-eabi-5_4-2016q2/bin
PATH: /usr/local/arm-2014.05/bin
PATH: /usr/local/arm_linux_4.2/bin
PATH: /home/sunny/px4/gcc-arm-none-eabi-5_4-2016q2/bin
PATH: /usr/local/arm_linux_4.2/bin
PATH: /usr/local/sbin
PATH: /usr/local/bin
PATH: /usr/sbin
PATH: /usr/bin
PATH: /sbin
PATH: /bin
PATH: /usr/games
PATH: /usr/local/games


## ----------- ##
## Core tests. ##
## ----------- ##

configure:1577: checking for a BSD-compatible install
configure:1632: result: /usr/bin/install -c
configure:1643: checking whether build environment is sane
configure:1686: result: yes
configure:1743: checking for gawk
configure:1772: result: no
configure:1743: checking for mawk
configure:1759: found /usr/bin/mawk
configure:1769: result: mawk
configure:1779: checking whether make sets $(MAKE)
configure:1799: result: yes
configure:1878: checking for arm-linux-strip
configure:1894: found /usr/local/arm_linux_4.2/bin/arm-linux-strip
configure:1904: result: arm-linux-strip
configure:1974: checking build system type
configure:1992: result: x86_64-unknown-linux-gnu
configure:2000: checking host system type
configure:2014: result: arm-unknown-linux-gnu
configure:2032: checking for arm-linux-gcc
configure:2048: found /usr/local/arm_linux_4.2/bin/arm-linux-gcc
configure:2058: result: arm-linux-gcc
configure:2340: checking for C compiler version
configure:2343: arm-linux-gcc --version </dev/null >&5
arm-linux-gcc (GCC) 4.2.1
Copyright (C) 2007 Free Software Foundation, Inc.
This is free software; see the source for copying conditions.  There is NO
warranty; not even for MERCHANTABILITY or FITNESS FOR A PARTICULAR PURPOSE.

configure:2346: $? = 0
configure:2348: arm-linux-gcc -v </dev/null >&5
Using built-in specs.
Target: arm-none-linux-gnueabi
Configured with: ../../gcc-4.2.1/configure --prefix=/usr/local/arm_linux_4.2 --target=arm-none-linux-gnueabi --enable-languages=c,c++ --with-gnu-ld --with-gnu-as --disable-nls --with-float=soft --without-newlib --disable-libmudflap --disable-libssp --disable-libgomp
Thread model: posix
gcc version 4.2.1
configure:2351: $? = 0
configure:2353: arm-linux-gcc -V </dev/null >&5
arm-linux-gcc: '-V' option must have argument
configure:2356: $? = 1
configure:2379: checking for C compiler default output file name
configure:2382: arm-linux-gcc    conftest.c  >&5
configure:2385: $? = 0
configure:2431: result: a.out
configure:2436: checking whether the C compiler works
configure:2442: ./a.out
./configure: line 2443: ./a.out: cannot execute binary file: Exec format error
configure:2445: $? = 126
configure:2462: result: yes
configure:2469: checking whether we are cross compiling
configure:2471: result: yes
configure:2474: checking for suffix of executables
configure:2476: arm-linux-gcc -o conftest    conftest.c  >&5
configure:2479: $? = 0
configure:2504: result: 
configure:2510: checking for suffix of object files
configure:2531: arm-linux-gcc -c   conftest.c >&5
configure:2534: $? = 0
configure:2556: result: o
configure:2560: checking whether we are using the GNU C compiler
configure:2584: arm-linux-gcc -c   conftest.c >&5
configure:2590: $? = 0
configure:2593: test -z 			 || test ! -s conftest.err
configure:2596: $? = 0
configure:2599: test -s conftest.o
configure:2602: $? = 0
configure:2615: result: yes
configure:2621: checking whether arm-linux-gcc accepts -g
configure:2642: arm-linux-gcc -c -g  conftest.c >&5
configure:2648: $? = 0
configure:2651: test -z 			 || test ! -s conftest.err
configure:2654: $? = 0
configure:2657: test -s conftest.o
configure:2660: $? = 0
configure:2671: result: yes
configure:2688: checking for arm-linux-gcc option to accept ANSI C
configure:2758: arm-linux-gcc  -c -g -O2  conftest.c >&5
configure:2764: $? = 0
configure:2767: test -z 			 || test ! -s conftest.err
configure:2770: $? = 0
configure:2773: test -s conftest.o
configure:2776: $? = 0
configure:2794: result: none needed
configure:2812: arm-linux-gcc -c -g -O2  conftest.c >&5
conftest.c:2: error: expected '=', ',', ';', 'asm' or '__attribute__' before 'me'
configure:2818: $? = 1
configure: failed program was:
| #ifndef __cplusplus
|   choke me
| #endif
configure:2959: checking for style of include used by make
configure:2987: result: GNU
configure:3015: checking dependency style of arm-linux-gcc
configure:3098: result: gcc3
configure:3210: checking for a sed that does not truncate output
configure:3264: result: /bin/sed
configure:3267: checking for egrep
configure:3277: result: grep -E
configure:3293: checking for ld used by arm-linux-gcc
configure:3360: result: /usr/local/arm_linux_4.2/arm-none-linux-gnueabi/bin/ld
configure:3369: checking if the linker (/usr/local/arm_linux_4.2/arm-none-linux-gnueabi/bin/ld) is GNU ld
configure:3384: result: yes
configure:3389: checking for /usr/local/arm_linux_4.2/arm-none-linux-gnueabi/bin/ld option to reload object files
configure:3396: result: -r
configure:3405: checking for BSD-compatible nm
configure:3447: result: /usr/local/arm_linux_4.2/bin/arm-linux-nm -B
configure:3451: checking whether ln -s works
configure:3455: result: yes
configure:3462: checking how to recognise dependent libraries
configure:3636: result: pass_all
configure:3849: checking how to run the C preprocessor
configure:3884: arm-linux-gcc -E  conftest.c
configure:3890: $? = 0
configure:3922: arm-linux-gcc -E  conftest.c
conftest.c:11:28: error: ac_nonexistent.h: No such file or directory
configure:3928: $? = 1
configure: failed program was:
| /* confdefs.h.  */
| 
| #define PACKAGE_NAME "MPEG Audio Decoder"
| #define PACKAGE_TARNAME "libmad"
| #define PACKAGE_VERSION "0.15.1b"
| #define PACKAGE_STRING "MPEG Audio Decoder 0.15.1b"
| #define PACKAGE_BUGREPORT "support@underbit.com"
| #define PACKAGE "libmad"
| #define VERSION "0.15.1b"
| /* end confdefs.h.  */
| #include <ac_nonexistent.h>
configure:3967: result: arm-linux-gcc -E
configure:3991: arm-linux-gcc -E  conftest.c
configure:3997: $? = 0
configure:4029: arm-linux-gcc -E  conftest.c
conftest.c:11:28: error: ac_nonexistent.h: No such file or directory
configure:4035: $? = 1
configure: failed program was:
| /* confdefs.h.  */
| 
| #define PACKAGE_NAME "MPEG Audio Decoder"
| #define PACKAGE_TARNAME "libmad"
| #define PACKAGE_VERSION "0.15.1b"
| #define PACKAGE_STRING "MPEG Audio Decoder 0.15.1b"
| #define PACKAGE_BUGREPORT "support@underbit.com"
| #define PACKAGE "libmad"
| #define VERSION "0.15.1b"
| /* end confdefs.h.  */
| #include <ac_nonexistent.h>
configure:4079: checking for ANSI C header files
configure:4104: arm-linux-gcc -c -g -O2  conftest.c >&5
configure:4110: $? = 0
configure:4113: test -z 			 || test ! -s conftest.err
configure:4116: $? = 0
configure:4119: test -s conftest.o
configure:4122: $? = 0
configure:4234: result: yes
configure:4258: checking for sys/types.h
configure:4274: arm-linux-gcc -c -g -O2  conftest.c >&5
configure:4280: $? = 0
configure:4283: test -z 			 || test ! -s conftest.err
configure:4286: $? = 0
configure:4289: test -s conftest.o
configure:4292: $? = 0
configure:4303: result: yes
configure:4258: checking for sys/stat.h
configure:4274: arm-linux-gcc -c -g -O2  conftest.c >&5
configure:4280: $? = 0
configure:4283: test -z 			 || test ! -s conftest.err
configure:4286: $? = 0
configure:4289: test -s conftest.o
configure:4292: $? = 0
configure:4303: result: yes
configure:4258: checking for stdlib.h
configure:4274: arm-linux-gcc -c -g -O2  conftest.c >&5
configure:4280: $? = 0
configure:4283: test -z 			 || test ! -s conftest.err
configure:4286: $? = 0
configure:4289: test -s conftest.o
configure:4292: $? = 0
configure:4303: result: yes
configure:4258: checking for string.h
configure:4274: arm-linux-gcc -c -g -O2  conftest.c >&5
configure:4280: $? = 0
configure:4283: test -z 			 || test ! -s conftest.err
configure:4286: $? = 0
configure:4289: test -s conftest.o
configure:4292: $? = 0
configure:4303: result: yes
configure:4258: checking for memory.h
configure:4274: arm-linux-gcc -c -g -O2  conftest.c >&5
configure:4280: $? = 0
configure:4283: test -z 			 || test ! -s conftest.err
configure:4286: $? = 0
configure:4289: test -s conftest.o
configure:4292: $? = 0
configure:4303: result: yes
configure:4258: checking for strings.h
configure:4274: arm-linux-gcc -c -g -O2  conftest.c >&5
configure:4280: $? = 0
configure:4283: test -z 			 || test ! -s conftest.err
configure:4286: $? = 0
configure:4289: test -s conftest.o
configure:4292: $? = 0
configure:4303: result: yes
configure:4258: checking for inttypes.h
configure:4274: arm-linux-gcc -c -g -O2  conftest.c >&5
configure:4280: $? = 0
configure:4283: test -z 			 || test ! -s conftest.err
configure:4286: $? = 0
configure:4289: test -s conftest.o
configure:4292: $? = 0
configure:4303: result: yes
configure:4258: checking for stdint.h
configure:4274: arm-linux-gcc -c -g -O2  conftest.c >&5
configure:4280: $? = 0
configure:4283: test -z 			 || test ! -s conftest.err
configure:4286: $? = 0
configure:4289: test -s conftest.o
configure:4292: $? = 0
configure:4303: result: yes
configure:4258: checking for unistd.h
configure:4274: arm-linux-gcc -c -g -O2  conftest.c >&5
configure:4280: $? = 0
configure:4283: test -z 			 || test ! -s conftest.err
configure:4286: $? = 0
configure:4289: test -s conftest.o
configure:4292: $? = 0
configure:4303: result: yes
configure:4329: checking dlfcn.h usability
configure:4341: arm-linux-gcc -c -g -O2  conftest.c >&5
configure:4347: $? = 0
configure:4350: test -z 			 || test ! -s conftest.err
configure:4353: $? = 0
configure:4356: test -s conftest.o
configure:4359: $? = 0
configure:4369: result: yes
configure:4373: checking dlfcn.h presence
configure:4383: arm-linux-gcc -E  conftest.c
configure:4389: $? = 0
configure:4409: result: yes
configure:4444: checking for dlfcn.h
configure:4451: result: yes
configure:4474: checking for arm-linux-g++
configure:4490: found /usr/local/arm_linux_4.2/bin/arm-linux-g++
configure:4500: result: arm-linux-g++
configure:4558: checking for C++ compiler version
configure:4561: arm-linux-g++ --version </dev/null >&5
arm-linux-g++ (GCC) 4.2.1
Copyright (C) 2007 Free Software Foundation, Inc.
This is free software; see the source for copying conditions.  There is NO
warranty; not even for MERCHANTABILITY or FITNESS FOR A PARTICULAR PURPOSE.

configure:4564: $? = 0
configure:4566: arm-linux-g++ -v </dev/null >&5
Using built-in specs.
Target: arm-none-linux-gnueabi
Configured with: ../../gcc-4.2.1/configure --prefix=/usr/local/arm_linux_4.2 --target=arm-none-linux-gnueabi --enable-languages=c,c++ --with-gnu-ld --with-gnu-as --disable-nls --with-float=soft --without-newlib --disable-libmudflap --disable-libssp --disable-libgomp
Thread model: posix
gcc version 4.2.1
configure:4569: $? = 0
configure:4571: arm-linux-g++ -V </dev/null >&5
arm-linux-g++: '-V' option must have argument
configure:4574: $? = 1
configure:4577: checking whether we are using the GNU C++ compiler
configure:4601: arm-linux-g++ -c   conftest.cc >&5
configure:4607: $? = 0
configure:4610: test -z 			 || test ! -s conftest.err
configure:4613: $? = 0
configure:4616: test -s conftest.o
configure:4619: $? = 0
configure:4632: result: yes
configure:4638: checking whether arm-linux-g++ accepts -g
configure:4659: arm-linux-g++ -c -g  conftest.cc >&5
configure:4665: $? = 0
configure:4668: test -z 			 || test ! -s conftest.err
configure:4671: $? = 0
configure:4674: test -s conftest.o
configure:4677: $? = 0
configure:4688: result: yes
configure:4730: arm-linux-g++ -c -g -O2  conftest.cc >&5
configure:4736: $? = 0
configure:4739: test -z 			 || test ! -s conftest.err
configure:4742: $? = 0
configure:4745: test -s conftest.o
configure:4748: $? = 0
configure:4774: arm-linux-g++ -c -g -O2  conftest.cc >&5
conftest.cc: In function 'int main()':
conftest.cc:26: error: 'exit' was not declared in this scope
configure:4780: $? = 1
configure: failed program was:
| /* confdefs.h.  */
| 
| #define PACKAGE_NAME "MPEG Audio Decoder"
| #define PACKAGE_TARNAME "libmad"
| #define PACKAGE_VERSION "0.15.1b"
| #define PACKAGE_STRING "MPEG Audio Decoder 0.15.1b"
| #define PACKAGE_BUGREPORT "support@underbit.com"
| #define PACKAGE "libmad"
| #define VERSION "0.15.1b"
| #define STDC_HEADERS 1
| #define HAVE_SYS_TYPES_H 1
| #define HAVE_SYS_STAT_H 1
| #define HAVE_STDLIB_H 1
| #define HAVE_STRING_H 1
| #define HAVE_MEMORY_H 1
| #define HAVE_STRINGS_H 1
| #define HAVE_INTTYPES_H 1
| #define HAVE_STDINT_H 1
| #define HAVE_UNISTD_H 1
| #define HAVE_DLFCN_H 1
| /* end confdefs.h.  */
| 
| int
| main ()
| {
| exit (42);
|   ;
|   return 0;
| }
configure:4730: arm-linux-g++ -c -g -O2  conftest.cc >&5
conftest.cc:22: error: 'void std::exit(int)' should have been declared inside 'std'
configure:4736: $? = 1
configure: failed program was:
| /* confdefs.h.  */
| 
| #define PACKAGE_NAME "MPEG Audio Decoder"
| #define PACKAGE_TARNAME "libmad"
| #define PACKAGE_VERSION "0.15.1b"
| #define PACKAGE_STRING "MPEG Audio Decoder 0.15.1b"
| #define PACKAGE_BUGREPORT "support@underbit.com"
| #define PACKAGE "libmad"
| #define VERSION "0.15.1b"
| #define STDC_HEADERS 1
| #define HAVE_SYS_TYPES_H 1
| #define HAVE_SYS_STAT_H 1
| #define HAVE_STDLIB_H 1
| #define HAVE_STRING_H 1
| #define HAVE_MEMORY_H 1
| #define HAVE_STRINGS_H 1
| #define HAVE_INTTYPES_H 1
| #define HAVE_STDINT_H 1
| #define HAVE_UNISTD_H 1
| #define HAVE_DLFCN_H 1
| /* end confdefs.h.  */
| extern "C" void std::exit (int) throw (); using std::exit;
| #include <stdlib.h>
| int
| main ()
| {
| exit (42);
|   ;
|   return 0;
| }
configure:4730: arm-linux-g++ -c -g -O2  conftest.cc >&5
conftest.cc:22: error: 'void std::exit(int)' should have been declared inside 'std'
In file included from conftest.cc:23:
/usr/local/arm_linux_4.2/lib/gcc/arm-none-linux-gnueabi/4.2.1/../../../../arm-none-linux-gnueabi/include/stdlib.h:518: error: declaration of 'void std::exit(int) throw ()' throws different exceptions
conftest.cc:22: error: from previous declaration 'void std::exit(int)'
configure:4736: $? = 1
configure: failed program was:
| /* confdefs.h.  */
| 
| #define PACKAGE_NAME "MPEG Audio Decoder"
| #define PACKAGE_TARNAME "libmad"
| #define PACKAGE_VERSION "0.15.1b"
| #define PACKAGE_STRING "MPEG Audio Decoder 0.15.1b"
| #define PACKAGE_BUGREPORT "support@underbit.com"
| #define PACKAGE "libmad"
| #define VERSION "0.15.1b"
| #define STDC_HEADERS 1
| #define HAVE_SYS_TYPES_H 1
| #define HAVE_SYS_STAT_H 1
| #define HAVE_STDLIB_H 1
| #define HAVE_STRING_H 1
| #define HAVE_MEMORY_H 1
| #define HAVE_STRINGS_H 1
| #define HAVE_INTTYPES_H 1
| #define HAVE_STDINT_H 1
| #define HAVE_UNISTD_H 1
| #define HAVE_DLFCN_H 1
| /* end confdefs.h.  */
| extern "C" void std::exit (int); using std::exit;
| #include <stdlib.h>
| int
| main ()
| {
| exit (42);
|   ;
|   return 0;
| }
configure:4730: arm-linux-g++ -c -g -O2  conftest.cc >&5
configure:4736: $? = 0
configure:4739: test -z 			 || test ! -s conftest.err
configure:4742: $? = 0
configure:4745: test -s conftest.o
configure:4748: $? = 0
configure:4774: arm-linux-g++ -c -g -O2  conftest.cc >&5
configure:4780: $? = 0
configure:4783: test -z 			 || test ! -s conftest.err
configure:4786: $? = 0
configure:4789: test -s conftest.o
configure:4792: $? = 0
configure:4817: checking dependency style of arm-linux-g++
configure:4900: result: gcc3
configure:4922: checking how to run the C++ preprocessor
configure:4953: arm-linux-g++ -E  conftest.cc
configure:4959: $? = 0
configure:4991: arm-linux-g++ -E  conftest.cc
conftest.cc:25:28: error: ac_nonexistent.h: No such file or directory
configure:4997: $? = 1
configure: failed program was:
| /* confdefs.h.  */
| 
| #define PACKAGE_NAME "MPEG Audio Decoder"
| #define PACKAGE_TARNAME "libmad"
| #define PACKAGE_VERSION "0.15.1b"
| #define PACKAGE_STRING "MPEG Audio Decoder 0.15.1b"
| #define PACKAGE_BUGREPORT "support@underbit.com"
| #define PACKAGE "libmad"
| #define VERSION "0.15.1b"
| #define STDC_HEADERS 1
| #define HAVE_SYS_TYPES_H 1
| #define HAVE_SYS_STAT_H 1
| #define HAVE_STDLIB_H 1
| #define HAVE_STRING_H 1
| #define HAVE_MEMORY_H 1
| #define HAVE_STRINGS_H 1
| #define HAVE_INTTYPES_H 1
| #define HAVE_STDINT_H 1
| #define HAVE_UNISTD_H 1
| #define HAVE_DLFCN_H 1
| #ifdef __cplusplus
| extern "C" void exit (int) throw ();
| #endif
| /* end confdefs.h.  */
| #include <ac_nonexistent.h>
configure:5036: result: arm-linux-g++ -E
configure:5060: arm-linux-g++ -E  conftest.cc
configure:5066: $? = 0
configure:5098: arm-linux-g++ -E  conftest.cc
conftest.cc:25:28: error: ac_nonexistent.h: No such file or directory
configure:5104: $? = 1
configure: failed program was:
| /* confdefs.h.  */
| 
| #define PACKAGE_NAME "MPEG Audio Decoder"
| #define PACKAGE_TARNAME "libmad"
| #define PACKAGE_VERSION "0.15.1b"
| #define PACKAGE_STRING "MPEG Audio Decoder 0.15.1b"
| #define PACKAGE_BUGREPORT "support@underbit.com"
| #define PACKAGE "libmad"
| #define VERSION "0.15.1b"
| #define STDC_HEADERS 1
| #define HAVE_SYS_TYPES_H 1
| #define HAVE_SYS_STAT_H 1
| #define HAVE_STDLIB_H 1
| #define HAVE_STRING_H 1
| #define HAVE_MEMORY_H 1
| #define HAVE_STRINGS_H 1
| #define HAVE_INTTYPES_H 1
| #define HAVE_STDINT_H 1
| #define HAVE_UNISTD_H 1
| #define HAVE_DLFCN_H 1
| #ifdef __cplusplus
| extern "C" void exit (int) throw ();
| #endif
| /* end confdefs.h.  */
| #include <ac_nonexistent.h>
configure:5157: checking for arm-linux-g77
configure:5186: result: no
configure:5157: checking for arm-linux-f77
configure:5186: result: no
configure:5157: checking for arm-linux-xlf
configure:5186: result: no
configure:5157: checking for arm-linux-frt
configure:5186: result: no
configure:5157: checking for arm-linux-pgf77
configure:5186: result: no
configure:5157: checking for arm-linux-fort77
configure:5186: result: no
configure:5157: checking for arm-linux-fl32
configure:5186: result: no
configure:5157: checking for arm-linux-af77
configure:5186: result: no
configure:5157: checking for arm-linux-f90
configure:5186: result: no
configure:5157: checking for arm-linux-xlf90
configure:5186: result: no
configure:5157: checking for arm-linux-pgf90
configure:5186: result: no
configure:5157: checking for arm-linux-epcf90
configure:5186: result: no
configure:5157: checking for arm-linux-f95
configure:5186: result: no
configure:5157: checking for arm-linux-fort
configure:5186: result: no
configure:5157: checking for arm-linux-xlf95
configure:5186: result: no
configure:5157: checking for arm-linux-ifc
configure:5186: result: no
configure:5157: checking for arm-linux-efc
configure:5186: result: no
configure:5157: checking for arm-linux-pgf95
configure:5186: result: no
configure:5157: checking for arm-linux-lf95
configure:5186: result: no
configure:5157: checking for arm-linux-gfortran
configure:5186: result: no
configure:5199: checking for g77
configure:5228: result: no
configure:5199: checking for f77
configure:5228: result: no
configure:5199: checking for xlf
configure:5228: result: no
configure:5199: checking for frt
configure:5228: result: no
configure:5199: checking for pgf77
configure:5228: result: no
configure:5199: checking for fort77
configure:5228: result: no
configure:5199: checking for fl32
configure:5228: result: no
configure:5199: checking for af77
configure:5228: result: no
configure:5199: checking for f90
configure:5228: result: no
configure:5199: checking for xlf90
configure:5228: result: no
configure:5199: checking for pgf90
configure:5228: result: no
configure:5199: checking for epcf90
configure:5228: result: no
configure:5199: checking for f95
configure:5228: result: no
configure:5199: checking for fort
configure:5228: result: no
configure:5199: checking for xlf95
configure:5228: result: no
configure:5199: checking for ifc
configure:5228: result: no
configure:5199: checking for efc
configure:5228: result: no
configure:5199: checking for pgf95
configure:5228: result: no
configure:5199: checking for lf95
configure:5228: result: no
configure:5199: checking for gfortran
configure:5228: result: no
configure:5240: checking for Fortran 77 compiler version
configure:5243:  --version </dev/null >&5
./configure: line 5244: --version: command not found
configure:5246: $? = 127
configure:5248:  -v </dev/null >&5
./configure: line 5249: -v: command not found
configure:5251: $? = 127
configure:5253:  -V </dev/null >&5
./configure: line 5254: -V: command not found
configure:5256: $? = 127
configure:5264: checking whether we are using the GNU Fortran 77 compiler
configure:5278:  -c  conftest.F >&5
./configure: line 5279: -c: command not found
configure:5284: $? = 127
configure: failed program was:
|       program main
| #ifndef __GNUC__
|        choke me
| #endif
| 
|       end
configure:5309: result: no
configure:5315: checking whether  accepts -g
configure:5327:  -c -g conftest.f >&5
./configure: line 5328: -c: command not found
configure:5333: $? = 127
configure: failed program was:
|       program main
| 
|       end
configure:5357: result: no
configure:5387: checking the maximum length of command line arguments
configure:5452: result: 32768
configure:5463: checking command to parse /usr/local/arm_linux_4.2/bin/arm-linux-nm -B output from arm-linux-gcc object
configure:5552: arm-linux-gcc -c -g -O2  conftest.c >&5
configure:5555: $? = 0
configure:5559: /usr/local/arm_linux_4.2/bin/arm-linux-nm -B conftest.o \| sed -n -e 's/^.*[ 	]\([ABCDGIRSTW][ABCDGIRSTW]*\)[ 	][ 	]*\(\)\([_A-Za-z][_A-Za-z0-9]*\)$/\1 \2\3 \3/p' \> conftest.nm
configure:5562: $? = 0
configure:5614: arm-linux-gcc -o conftest -g -O2   conftest.c conftstm.o >&5
configure:5617: $? = 0
configure:5655: result: ok
configure:5659: checking for objdir
configure:5674: result: .libs
configure:5726: checking for arm-linux-ar
configure:5742: found /usr/local/arm_linux_4.2/bin/arm-linux-ar
configure:5752: result: arm-linux-ar
configure:5806: checking for arm-linux-ranlib
configure:5822: found /usr/local/arm_linux_4.2/bin/arm-linux-ranlib
configure:5832: result: arm-linux-ranlib
configure:5886: checking for arm-linux-strip
configure:5912: result: arm-linux-strip
configure:6213: checking if arm-linux-gcc static flag  works
configure:6236: result: yes
configure:6254: checking if arm-linux-gcc supports -fno-rtti -fno-exceptions
configure:6272: arm-linux-gcc -c -g -O2  -fno-rtti -fno-exceptions conftest.c >&5
cc1: warning: command line option "-fno-rtti" is valid for C++/ObjC++ but not for C
configure:6276: $? = 0
configure:6287: result: no
configure:6302: checking for arm-linux-gcc option to produce PIC
configure:6479: result: -fPIC
configure:6487: checking if arm-linux-gcc PIC flag -fPIC works
configure:6505: arm-linux-gcc -c -g -O2  -fPIC -DPIC conftest.c >&5
configure:6509: $? = 0
configure:6520: result: yes
configure:6544: checking if arm-linux-gcc supports -c -o file.o
configure:6565: arm-linux-gcc -c -g -O2  -o out/conftest2.o conftest.c >&5
configure:6569: $? = 0
configure:6589: result: yes
configure:6615: checking whether the arm-linux-gcc linker (/usr/local/arm_linux_4.2/arm-none-linux-gnueabi/bin/ld) supports shared libraries
configure:7461: result: yes
configure:7487: checking whether -lc should be explicitly linked in
configure:7492: arm-linux-gcc -c -g -O2  conftest.c >&5
configure:7495: $? = 0
configure:7509: arm-linux-gcc -shared conftest.o  -v -Wl,-soname -Wl,conftest -o conftest 2\>\&1 \| grep  -lc  \>/dev/null 2\>\&1
configure:7512: $? = 0
configure:7524: result: no
configure:7532: checking dynamic linker characteristics
configure:8072: result: GNU/Linux ld.so
configure:8076: checking how to hardcode library paths into programs
configure:8101: result: immediate
configure:8115: checking whether stripping libraries is possible
configure:8120: result: yes
configure:8943: checking if libtool supports shared libraries
configure:8945: result: yes
configure:8948: checking whether to build shared libraries
configure:9006: result: yes
configure:9009: checking whether to build static libraries
configure:9013: result: yes
configure:9105: creating libtool
configure:9652: checking for ld used by arm-linux-g++
configure:9719: result: /usr/local/arm_linux_4.2/arm-none-linux-gnueabi/bin/ld
configure:9728: checking if the linker (/usr/local/arm_linux_4.2/arm-none-linux-gnueabi/bin/ld) is GNU ld
configure:9743: result: yes
configure:9794: checking whether the arm-linux-g++ linker (/usr/local/arm_linux_4.2/arm-none-linux-gnueabi/bin/ld) supports shared libraries
configure:10620: result: yes
configure:10638: arm-linux-g++ -c -g -O2  conftest.cc >&5
configure:10641: $? = 0
configure:10737: checking for arm-linux-g++ option to produce PIC
configure:10989: result: -fPIC
configure:10997: checking if arm-linux-g++ PIC flag -fPIC works
configure:11015: arm-linux-g++ -c -g -O2  -fPIC -DPIC conftest.cc >&5
configure:11019: $? = 0
configure:11030: result: yes
configure:11054: checking if arm-linux-g++ supports -c -o file.o
configure:11075: arm-linux-g++ -c -g -O2  -o out/conftest2.o conftest.cc >&5
configure:11079: $? = 0
configure:11099: result: yes
configure:11125: checking whether the arm-linux-g++ linker (/usr/local/arm_linux_4.2/arm-none-linux-gnueabi/bin/ld) supports shared libraries
configure:11150: result: yes
configure:11221: checking dynamic linker characteristics
configure:11761: result: GNU/Linux ld.so
configure:11765: checking how to hardcode library paths into programs
configure:11790: result: immediate
configure:11804: checking whether stripping libraries is possible
configure:11809: result: yes
configure:19171: checking for ANSI C header files
configure:19326: result: yes
configure:19336: checking for sys/wait.h that is POSIX.1 compatible
configure:19367: arm-linux-gcc -c -Wall  conftest.c >&5
configure:19373: $? = 0
configure:19376: test -z 			 || test ! -s conftest.err
configure:19379: $? = 0
configure:19382: test -s conftest.o
configure:19385: $? = 0
configure:19396: result: yes
configure:19425: checking assert.h usability
configure:19437: arm-linux-gcc -c -Wall  conftest.c >&5
configure:19443: $? = 0
configure:19446: test -z 			 || test ! -s conftest.err
configure:19449: $? = 0
configure:19452: test -s conftest.o
configure:19455: $? = 0
configure:19465: result: yes
configure:19469: checking assert.h presence
configure:19479: arm-linux-gcc -E  conftest.c
configure:19485: $? = 0
configure:19505: result: yes
configure:19540: checking for assert.h
configure:19547: result: yes
configure:19425: checking limits.h usability
configure:19437: arm-linux-gcc -c -Wall  conftest.c >&5
configure:19443: $? = 0
configure:19446: test -z 			 || test ! -s conftest.err
configure:19449: $? = 0
configure:19452: test -s conftest.o
configure:19455: $? = 0
configure:19465: result: yes
configure:19469: checking limits.h presence
configure:19479: arm-linux-gcc -E  conftest.c
configure:19485: $? = 0
configure:19505: result: yes
configure:19540: checking for limits.h
configure:19547: result: yes
configure:19416: checking for unistd.h
configure:19421: result: yes
configure:19416: checking for sys/types.h
configure:19421: result: yes
configure:19425: checking fcntl.h usability
configure:19437: arm-linux-gcc -c -Wall  conftest.c >&5
configure:19443: $? = 0
configure:19446: test -z 			 || test ! -s conftest.err
configure:19449: $? = 0
configure:19452: test -s conftest.o
configure:19455: $? = 0
configure:19465: result: yes
configure:19469: checking fcntl.h presence
configure:19479: arm-linux-gcc -E  conftest.c
configure:19485: $? = 0
configure:19505: result: yes
configure:19540: checking for fcntl.h
configure:19547: result: yes
configure:19425: checking errno.h usability
configure:19437: arm-linux-gcc -c -Wall  conftest.c >&5
configure:19443: $? = 0
configure:19446: test -z 			 || test ! -s conftest.err
configure:19449: $? = 0
configure:19452: test -s conftest.o
configure:19455: $? = 0
configure:19465: result: yes
configure:19469: checking errno.h presence
configure:19479: arm-linux-gcc -E  conftest.c
configure:19485: $? = 0
configure:19505: result: yes
configure:19540: checking for errno.h
configure:19547: result: yes
configure:19562: checking for an ANSI C-conforming const
configure:19629: arm-linux-gcc -c -Wall  conftest.c >&5
conftest.c: In function 'main':
conftest.c:60: warning: unused variable 's'
conftest.c:80: warning: unused variable 'foo'
conftest.c:47: warning: unused variable 'zero'
conftest.c:41: warning: unused variable 'x'
configure:19635: $? = 0
configure:19638: test -z 			 || test ! -s conftest.err
configure:19641: $? = 0
configure:19644: test -s conftest.o
configure:19647: $? = 0
configure:19658: result: yes
configure:19668: checking for inline
configure:19689: arm-linux-gcc -c -Wall  conftest.c >&5
configure:19695: $? = 0
configure:19698: test -z 			 || test ! -s conftest.err
configure:19701: $? = 0
configure:19704: test -s conftest.o
configure:19707: $? = 0
configure:19719: result: inline
configure:19738: checking whether byte ordering is bigendian
configure:19765: arm-linux-gcc -c -Wall  conftest.c >&5
configure:19771: $? = 0
configure:19774: test -z 			 || test ! -s conftest.err
configure:19777: $? = 0
configure:19780: test -s conftest.o
configure:19783: $? = 0
configure:19807: arm-linux-gcc -c -Wall  conftest.c >&5
conftest.c: In function 'main':
conftest.c:40: error: 'not' undeclared (first use in this function)
conftest.c:40: error: (Each undeclared identifier is reported only once
conftest.c:40: error: for each function it appears in.)
conftest.c:40: error: expected ';' before 'big'
configure:19813: $? = 1
configure: failed program was:
| /* confdefs.h.  */
| 
| #define PACKAGE_NAME "MPEG Audio Decoder"
| #define PACKAGE_TARNAME "libmad"
| #define PACKAGE_VERSION "0.15.1b"
| #define PACKAGE_STRING "MPEG Audio Decoder 0.15.1b"
| #define PACKAGE_BUGREPORT "support@underbit.com"
| #define PACKAGE "libmad"
| #define VERSION "0.15.1b"
| #define STDC_HEADERS 1
| #define HAVE_SYS_TYPES_H 1
| #define HAVE_SYS_STAT_H 1
| #define HAVE_STDLIB_H 1
| #define HAVE_STRING_H 1
| #define HAVE_MEMORY_H 1
| #define HAVE_STRINGS_H 1
| #define HAVE_INTTYPES_H 1
| #define HAVE_STDINT_H 1
| #define HAVE_UNISTD_H 1
| #define HAVE_DLFCN_H 1
| #ifdef __cplusplus
| extern "C" void exit (int) throw ();
| #endif
| #define STDC_HEADERS 1
| #define HAVE_SYS_WAIT_H 1
| #define HAVE_ASSERT_H 1
| #define HAVE_LIMITS_H 1
| #define HAVE_UNISTD_H 1
| #define HAVE_SYS_TYPES_H 1
| #define HAVE_FCNTL_H 1
| #define HAVE_ERRNO_H 1
| /* end confdefs.h.  */
| #include <sys/types.h>
| #include <sys/param.h>
| 
| int
| main ()
| {
| #if BYTE_ORDER != BIG_ENDIAN
|  not big endian
| #endif
| 
|   ;
|   return 0;
| }
configure:19946: result: no
configure:19965: checking for pid_t
configure:19989: arm-linux-gcc -c -Wall  conftest.c >&5
configure:19995: $? = 0
configure:19998: test -z 			 || test ! -s conftest.err
configure:20001: $? = 0
configure:20004: test -s conftest.o
configure:20007: $? = 0
configure:20018: result: yes
configure:20031: checking for int
configure:20055: arm-linux-gcc -c -Wall  conftest.c >&5
configure:20061: $? = 0
configure:20064: test -z 			 || test ! -s conftest.err
configure:20067: $? = 0
configure:20070: test -s conftest.o
configure:20073: $? = 0
configure:20084: result: yes
configure:20087: checking size of int
configure:20117: arm-linux-gcc -c -Wall  conftest.c >&5
configure:20123: $? = 0
configure:20126: test -z 			 || test ! -s conftest.err
configure:20129: $? = 0
configure:20132: test -s conftest.o
configure:20135: $? = 0
configure:20157: arm-linux-gcc -c -Wall  conftest.c >&5
conftest.c: In function 'main':
conftest.c:70: error: size of array 'test_array' is negative
configure:20163: $? = 1
configure: failed program was:
| /* confdefs.h.  */
| 
| #define PACKAGE_NAME "MPEG Audio Decoder"
| #define PACKAGE_TARNAME "libmad"
| #define PACKAGE_VERSION "0.15.1b"
| #define PACKAGE_STRING "MPEG Audio Decoder 0.15.1b"
| #define PACKAGE_BUGREPORT "support@underbit.com"
| #define PACKAGE "libmad"
| #define VERSION "0.15.1b"
| #define STDC_HEADERS 1
| #define HAVE_SYS_TYPES_H 1
| #define HAVE_SYS_STAT_H 1
| #define HAVE_STDLIB_H 1
| #define HAVE_STRING_H 1
| #define HAVE_MEMORY_H 1
| #define HAVE_STRINGS_H 1
| #define HAVE_INTTYPES_H 1
| #define HAVE_STDINT_H 1
| #define HAVE_UNISTD_H 1
| #define HAVE_DLFCN_H 1
| #ifdef __cplusplus
| extern "C" void exit (int) throw ();
| #endif
| #define STDC_HEADERS 1
| #define HAVE_SYS_WAIT_H 1
| #define HAVE_ASSERT_H 1
| #define HAVE_LIMITS_H 1
| #define HAVE_UNISTD_H 1
| #define HAVE_SYS_TYPES_H 1
| #define HAVE_FCNTL_H 1
| #define HAVE_ERRNO_H 1
| /* end confdefs.h.  */
| #include <stdio.h>
| #if HAVE_SYS_TYPES_H
| # include <sys/types.h>
| #endif
| #if HAVE_SYS_STAT_H
| # include <sys/stat.h>
| #endif
| #if STDC_HEADERS
| # include <stdlib.h>
| # include <stddef.h>
| #else
| # if HAVE_STDLIB_H
| #  include <stdlib.h>
| # endif
| #endif
| #if HAVE_STRING_H
| # if !STDC_HEADERS && HAVE_MEMORY_H
| #  include <memory.h>
| # endif
| # include <string.h>
| #endif
| #if HAVE_STRINGS_H
| # include <strings.h>
| #endif
| #if HAVE_INTTYPES_H
| # include <inttypes.h>
| #else
| # if HAVE_STDINT_H
| #  include <stdint.h>
| # endif
| #endif
| #if HAVE_UNISTD_H
| # include <unistd.h>
| #endif
| int
| main ()
| {
| static int test_array [1 - 2 * !(((long) (sizeof (int))) <= 0)];
| test_array [0] = 0
| 
|   ;
|   return 0;
| }
configure:20157: arm-linux-gcc -c -Wall  conftest.c >&5
conftest.c: In function 'main':
conftest.c:70: error: size of array 'test_array' is negative
configure:20163: $? = 1
configure: failed program was:
| /* confdefs.h.  */
| 
| #define PACKAGE_NAME "MPEG Audio Decoder"
| #define PACKAGE_TARNAME "libmad"
| #define PACKAGE_VERSION "0.15.1b"
| #define PACKAGE_STRING "MPEG Audio Decoder 0.15.1b"
| #define PACKAGE_BUGREPORT "support@underbit.com"
| #define PACKAGE "libmad"
| #define VERSION "0.15.1b"
| #define STDC_HEADERS 1
| #define HAVE_SYS_TYPES_H 1
| #define HAVE_SYS_STAT_H 1
| #define HAVE_STDLIB_H 1
| #define HAVE_STRING_H 1
| #define HAVE_MEMORY_H 1
| #define HAVE_STRINGS_H 1
| #define HAVE_INTTYPES_H 1
| #define HAVE_STDINT_H 1
| #define HAVE_UNISTD_H 1
| #define HAVE_DLFCN_H 1
| #ifdef __cplusplus
| extern "C" void exit (int) throw ();
| #endif
| #define STDC_HEADERS 1
| #define HAVE_SYS_WAIT_H 1
| #define HAVE_ASSERT_H 1
| #define HAVE_LIMITS_H 1
| #define HAVE_UNISTD_H 1
| #define HAVE_SYS_TYPES_H 1
| #define HAVE_FCNTL_H 1
| #define HAVE_ERRNO_H 1
| /* end confdefs.h.  */
| #include <stdio.h>
| #if HAVE_SYS_TYPES_H
| # include <sys/types.h>
| #endif
| #if HAVE_SYS_STAT_H
| # include <sys/stat.h>
| #endif
| #if STDC_HEADERS
| # include <stdlib.h>
| # include <stddef.h>
| #else
| # if HAVE_STDLIB_H
| #  include <stdlib.h>
| # endif
| #endif
| #if HAVE_STRING_H
| # if !STDC_HEADERS && HAVE_MEMORY_H
| #  include <memory.h>
| # endif
| # include <string.h>
| #endif
| #if HAVE_STRINGS_H
| # include <strings.h>
| #endif
| #if HAVE_INTTYPES_H
| # include <inttypes.h>
| #else
| # if HAVE_STDINT_H
| #  include <stdint.h>
| # endif
| #endif
| #if HAVE_UNISTD_H
| # include <unistd.h>
| #endif
| int
| main ()
| {
| static int test_array [1 - 2 * !(((long) (sizeof (int))) <= 1)];
| test_array [0] = 0
| 
|   ;
|   return 0;
| }
configure:20157: arm-linux-gcc -c -Wall  conftest.c >&5
conftest.c: In function 'main':
conftest.c:70: error: size of array 'test_array' is negative
configure:20163: $? = 1
configure: failed program was:
| /* confdefs.h.  */
| 
| #define PACKAGE_NAME "MPEG Audio Decoder"
| #define PACKAGE_TARNAME "libmad"
| #define PACKAGE_VERSION "0.15.1b"
| #define PACKAGE_STRING "MPEG Audio Decoder 0.15.1b"
| #define PACKAGE_BUGREPORT "support@underbit.com"
| #define PACKAGE "libmad"
| #define VERSION "0.15.1b"
| #define STDC_HEADERS 1
| #define HAVE_SYS_TYPES_H 1
| #define HAVE_SYS_STAT_H 1
| #define HAVE_STDLIB_H 1
| #define HAVE_STRING_H 1
| #define HAVE_MEMORY_H 1
| #define HAVE_STRINGS_H 1
| #define HAVE_INTTYPES_H 1
| #define HAVE_STDINT_H 1
| #define HAVE_UNISTD_H 1
| #define HAVE_DLFCN_H 1
| #ifdef __cplusplus
| extern "C" void exit (int) throw ();
| #endif
| #define STDC_HEADERS 1
| #define HAVE_SYS_WAIT_H 1
| #define HAVE_ASSERT_H 1
| #define HAVE_LIMITS_H 1
| #define HAVE_UNISTD_H 1
| #define HAVE_SYS_TYPES_H 1
| #define HAVE_FCNTL_H 1
| #define HAVE_ERRNO_H 1
| /* end confdefs.h.  */
| #include <stdio.h>
| #if HAVE_SYS_TYPES_H
| # include <sys/types.h>
| #endif
| #if HAVE_SYS_STAT_H
| # include <sys/stat.h>
| #endif
| #if STDC_HEADERS
| # include <stdlib.h>
| # include <stddef.h>
| #else
| # if HAVE_STDLIB_H
| #  include <stdlib.h>
| # endif
| #endif
| #if HAVE_STRING_H
| # if !STDC_HEADERS && HAVE_MEMORY_H
| #  include <memory.h>
| # endif
| # include <string.h>
| #endif
| #if HAVE_STRINGS_H
| # include <strings.h>
| #endif
| #if HAVE_INTTYPES_H
| # include <inttypes.h>
| #else
| # if HAVE_STDINT_H
| #  include <stdint.h>
| # endif
| #endif
| #if HAVE_UNISTD_H
| # include <unistd.h>
| #endif
| int
| main ()
| {
| static int test_array [1 - 2 * !(((long) (sizeof (int))) <= 3)];
| test_array [0] = 0
| 
|   ;
|   return 0;
| }
configure:20157: arm-linux-gcc -c -Wall  conftest.c >&5
configure:20163: $? = 0
configure:20166: test -z 			 || test ! -s conftest.err
configure:20169: $? = 0
configure:20172: test -s conftest.o
configure:20175: $? = 0
configure:20317: arm-linux-gcc -c -Wall  conftest.c >&5
configure:20323: $? = 0
configure:20326: test -z 			 || test ! -s conftest.err
configure:20329: $? = 0
configure:20332: test -s conftest.o
configure:20335: $? = 0
configure:20317: arm-linux-gcc -c -Wall  conftest.c >&5
configure:20323: $? = 0
configure:20326: test -z 			 || test ! -s conftest.err
configure:20329: $? = 0
configure:20332: test -s conftest.o
configure:20335: $? = 0
configure:20430: result: 4
configure:20437: checking for long
configure:20461: arm-linux-gcc -c -Wall  conftest.c >&5
configure:20467: $? = 0
configure:20470: test -z 			 || test ! -s conftest.err
configure:20473: $? = 0
configure:20476: test -s conftest.o
configure:20479: $? = 0
configure:20490: result: yes
configure:20493: checking size of long
configure:20523: arm-linux-gcc -c -Wall  conftest.c >&5
configure:20529: $? = 0
configure:20532: test -z 			 || test ! -s conftest.err
configure:20535: $? = 0
configure:20538: test -s conftest.o
configure:20541: $? = 0
configure:20563: arm-linux-gcc -c -Wall  conftest.c >&5
conftest.c: In function 'main':
conftest.c:71: error: size of array 'test_array' is negative
configure:20569: $? = 1
configure: failed program was:
| /* confdefs.h.  */
| 
| #define PACKAGE_NAME "MPEG Audio Decoder"
| #define PACKAGE_TARNAME "libmad"
| #define PACKAGE_VERSION "0.15.1b"
| #define PACKAGE_STRING "MPEG Audio Decoder 0.15.1b"
| #define PACKAGE_BUGREPORT "support@underbit.com"
| #define PACKAGE "libmad"
| #define VERSION "0.15.1b"
| #define STDC_HEADERS 1
| #define HAVE_SYS_TYPES_H 1
| #define HAVE_SYS_STAT_H 1
| #define HAVE_STDLIB_H 1
| #define HAVE_STRING_H 1
| #define HAVE_MEMORY_H 1
| #define HAVE_STRINGS_H 1
| #define HAVE_INTTYPES_H 1
| #define HAVE_STDINT_H 1
| #define HAVE_UNISTD_H 1
| #define HAVE_DLFCN_H 1
| #ifdef __cplusplus
| extern "C" void exit (int) throw ();
| #endif
| #define STDC_HEADERS 1
| #define HAVE_SYS_WAIT_H 1
| #define HAVE_ASSERT_H 1
| #define HAVE_LIMITS_H 1
| #define HAVE_UNISTD_H 1
| #define HAVE_SYS_TYPES_H 1
| #define HAVE_FCNTL_H 1
| #define HAVE_ERRNO_H 1
| #define SIZEOF_INT 4
| /* end confdefs.h.  */
| #include <stdio.h>
| #if HAVE_SYS_TYPES_H
| # include <sys/types.h>
| #endif
| #if HAVE_SYS_STAT_H
| # include <sys/stat.h>
| #endif
| #if STDC_HEADERS
| # include <stdlib.h>
| # include <stddef.h>
| #else
| # if HAVE_STDLIB_H
| #  include <stdlib.h>
| # endif
| #endif
| #if HAVE_STRING_H
| # if !STDC_HEADERS && HAVE_MEMORY_H
| #  include <memory.h>
| # endif
| # include <string.h>
| #endif
| #if HAVE_STRINGS_H
| # include <strings.h>
| #endif
| #if HAVE_INTTYPES_H
| # include <inttypes.h>
| #else
| # if HAVE_STDINT_H
| #  include <stdint.h>
| # endif
| #endif
| #if HAVE_UNISTD_H
| # include <unistd.h>
| #endif
| int
| main ()
| {
| static int test_array [1 - 2 * !(((long) (sizeof (long))) <= 0)];
| test_array [0] = 0
| 
|   ;
|   return 0;
| }
configure:20563: arm-linux-gcc -c -Wall  conftest.c >&5
conftest.c: In function 'main':
conftest.c:71: error: size of array 'test_array' is negative
configure:20569: $? = 1
configure: failed program was:
| /* confdefs.h.  */
| 
| #define PACKAGE_NAME "MPEG Audio Decoder"
| #define PACKAGE_TARNAME "libmad"
| #define PACKAGE_VERSION "0.15.1b"
| #define PACKAGE_STRING "MPEG Audio Decoder 0.15.1b"
| #define PACKAGE_BUGREPORT "support@underbit.com"
| #define PACKAGE "libmad"
| #define VERSION "0.15.1b"
| #define STDC_HEADERS 1
| #define HAVE_SYS_TYPES_H 1
| #define HAVE_SYS_STAT_H 1
| #define HAVE_STDLIB_H 1
| #define HAVE_STRING_H 1
| #define HAVE_MEMORY_H 1
| #define HAVE_STRINGS_H 1
| #define HAVE_INTTYPES_H 1
| #define HAVE_STDINT_H 1
| #define HAVE_UNISTD_H 1
| #define HAVE_DLFCN_H 1
| #ifdef __cplusplus
| extern "C" void exit (int) throw ();
| #endif
| #define STDC_HEADERS 1
| #define HAVE_SYS_WAIT_H 1
| #define HAVE_ASSERT_H 1
| #define HAVE_LIMITS_H 1
| #define HAVE_UNISTD_H 1
| #define HAVE_SYS_TYPES_H 1
| #define HAVE_FCNTL_H 1
| #define HAVE_ERRNO_H 1
| #define SIZEOF_INT 4
| /* end confdefs.h.  */
| #include <stdio.h>
| #if HAVE_SYS_TYPES_H
| # include <sys/types.h>
| #endif
| #if HAVE_SYS_STAT_H
| # include <sys/stat.h>
| #endif
| #if STDC_HEADERS
| # include <stdlib.h>
| # include <stddef.h>
| #else
| # if HAVE_STDLIB_H
| #  include <stdlib.h>
| # endif
| #endif
| #if HAVE_STRING_H
| # if !STDC_HEADERS && HAVE_MEMORY_H
| #  include <memory.h>
| # endif
| # include <string.h>
| #endif
| #if HAVE_STRINGS_H
| # include <strings.h>
| #endif
| #if HAVE_INTTYPES_H
| # include <inttypes.h>
| #else
| # if HAVE_STDINT_H
| #  include <stdint.h>
| # endif
| #endif
| #if HAVE_UNISTD_H
| # include <unistd.h>
| #endif
| int
| main ()
| {
| static int test_array [1 - 2 * !(((long) (sizeof (long))) <= 1)];
| test_array [0] = 0
| 
|   ;
|   return 0;
| }
configure:20563: arm-linux-gcc -c -Wall  conftest.c >&5
conftest.c: In function 'main':
conftest.c:71: error: size of array 'test_array' is negative
configure:20569: $? = 1
configure: failed program was:
| /* confdefs.h.  */
| 
| #define PACKAGE_NAME "MPEG Audio Decoder"
| #define PACKAGE_TARNAME "libmad"
| #define PACKAGE_VERSION "0.15.1b"
| #define PACKAGE_STRING "MPEG Audio Decoder 0.15.1b"
| #define PACKAGE_BUGREPORT "support@underbit.com"
| #define PACKAGE "libmad"
| #define VERSION "0.15.1b"
| #define STDC_HEADERS 1
| #define HAVE_SYS_TYPES_H 1
| #define HAVE_SYS_STAT_H 1
| #define HAVE_STDLIB_H 1
| #define HAVE_STRING_H 1
| #define HAVE_MEMORY_H 1
| #define HAVE_STRINGS_H 1
| #define HAVE_INTTYPES_H 1
| #define HAVE_STDINT_H 1
| #define HAVE_UNISTD_H 1
| #define HAVE_DLFCN_H 1
| #ifdef __cplusplus
| extern "C" void exit (int) throw ();
| #endif
| #define STDC_HEADERS 1
| #define HAVE_SYS_WAIT_H 1
| #define HAVE_ASSERT_H 1
| #define HAVE_LIMITS_H 1
| #define HAVE_UNISTD_H 1
| #define HAVE_SYS_TYPES_H 1
| #define HAVE_FCNTL_H 1
| #define HAVE_ERRNO_H 1
| #define SIZEOF_INT 4
| /* end confdefs.h.  */
| #include <stdio.h>
| #if HAVE_SYS_TYPES_H
| # include <sys/types.h>
| #endif
| #if HAVE_SYS_STAT_H
| # include <sys/stat.h>
| #endif
| #if STDC_HEADERS
| # include <stdlib.h>
| # include <stddef.h>
| #else
| # if HAVE_STDLIB_H
| #  include <stdlib.h>
| # endif
| #endif
| #if HAVE_STRING_H
| # if !STDC_HEADERS && HAVE_MEMORY_H
| #  include <memory.h>
| # endif
| # include <string.h>
| #endif
| #if HAVE_STRINGS_H
| # include <strings.h>
| #endif
| #if HAVE_INTTYPES_H
| # include <inttypes.h>
| #else
| # if HAVE_STDINT_H
| #  include <stdint.h>
| # endif
| #endif
| #if HAVE_UNISTD_H
| # include <unistd.h>
| #endif
| int
| main ()
| {
| static int test_array [1 - 2 * !(((long) (sizeof (long))) <= 3)];
| test_array [0] = 0
| 
|   ;
|   return 0;
| }
configure:20563: arm-linux-gcc -c -Wall  conftest.c >&5
configure:20569: $? = 0
configure:20572: test -z 			 || test ! -s conftest.err
configure:20575: $? = 0
configure:20578: test -s conftest.o
configure:20581: $? = 0
configure:20723: arm-linux-gcc -c -Wall  conftest.c >&5
configure:20729: $? = 0
configure:20732: test -z 			 || test ! -s conftest.err
configure:20735: $? = 0
configure:20738: test -s conftest.o
configure:20741: $? = 0
configure:20723: arm-linux-gcc -c -Wall  conftest.c >&5
configure:20729: $? = 0
configure:20732: test -z 			 || test ! -s conftest.err
configure:20735: $? = 0
configure:20738: test -s conftest.o
configure:20741: $? = 0
configure:20836: result: 4
configure:20843: checking for long long
configure:20867: arm-linux-gcc -c -Wall  conftest.c >&5
configure:20873: $? = 0
configure:20876: test -z 			 || test ! -s conftest.err
configure:20879: $? = 0
configure:20882: test -s conftest.o
configure:20885: $? = 0
configure:20896: result: yes
configure:20899: checking size of long long
configure:20929: arm-linux-gcc -c -Wall  conftest.c >&5
configure:20935: $? = 0
configure:20938: test -z 			 || test ! -s conftest.err
configure:20941: $? = 0
configure:20944: test -s conftest.o
configure:20947: $? = 0
configure:20969: arm-linux-gcc -c -Wall  conftest.c >&5
conftest.c: In function 'main':
conftest.c:72: error: size of array 'test_array' is negative
configure:20975: $? = 1
configure: failed program was:
| /* confdefs.h.  */
| 
| #define PACKAGE_NAME "MPEG Audio Decoder"
| #define PACKAGE_TARNAME "libmad"
| #define PACKAGE_VERSION "0.15.1b"
| #define PACKAGE_STRING "MPEG Audio Decoder 0.15.1b"
| #define PACKAGE_BUGREPORT "support@underbit.com"
| #define PACKAGE "libmad"
| #define VERSION "0.15.1b"
| #define STDC_HEADERS 1
| #define HAVE_SYS_TYPES_H 1
| #define HAVE_SYS_STAT_H 1
| #define HAVE_STDLIB_H 1
| #define HAVE_STRING_H 1
| #define HAVE_MEMORY_H 1
| #define HAVE_STRINGS_H 1
| #define HAVE_INTTYPES_H 1
| #define HAVE_STDINT_H 1
| #define HAVE_UNISTD_H 1
| #define HAVE_DLFCN_H 1
| #ifdef __cplusplus
| extern "C" void exit (int) throw ();
| #endif
| #define STDC_HEADERS 1
| #define HAVE_SYS_WAIT_H 1
| #define HAVE_ASSERT_H 1
| #define HAVE_LIMITS_H 1
| #define HAVE_UNISTD_H 1
| #define HAVE_SYS_TYPES_H 1
| #define HAVE_FCNTL_H 1
| #define HAVE_ERRNO_H 1
| #define SIZEOF_INT 4
| #define SIZEOF_LONG 4
| /* end confdefs.h.  */
| #include <stdio.h>
| #if HAVE_SYS_TYPES_H
| # include <sys/types.h>
| #endif
| #if HAVE_SYS_STAT_H
| # include <sys/stat.h>
| #endif
| #if STDC_HEADERS
| # include <stdlib.h>
| # include <stddef.h>
| #else
| # if HAVE_STDLIB_H
| #  include <stdlib.h>
| # endif
| #endif
| #if HAVE_STRING_H
| # if !STDC_HEADERS && HAVE_MEMORY_H
| #  include <memory.h>
| # endif
| # include <string.h>
| #endif
| #if HAVE_STRINGS_H
| # include <strings.h>
| #endif
| #if HAVE_INTTYPES_H
| # include <inttypes.h>
| #else
| # if HAVE_STDINT_H
| #  include <stdint.h>
| # endif
| #endif
| #if HAVE_UNISTD_H
| # include <unistd.h>
| #endif
| int
| main ()
| {
| static int test_array [1 - 2 * !(((long) (sizeof (long long))) <= 0)];
| test_array [0] = 0
| 
|   ;
|   return 0;
| }
configure:20969: arm-linux-gcc -c -Wall  conftest.c >&5
conftest.c: In function 'main':
conftest.c:72: error: size of array 'test_array' is negative
configure:20975: $? = 1
configure: failed program was:
| /* confdefs.h.  */
| 
| #define PACKAGE_NAME "MPEG Audio Decoder"
| #define PACKAGE_TARNAME "libmad"
| #define PACKAGE_VERSION "0.15.1b"
| #define PACKAGE_STRING "MPEG Audio Decoder 0.15.1b"
| #define PACKAGE_BUGREPORT "support@underbit.com"
| #define PACKAGE "libmad"
| #define VERSION "0.15.1b"
| #define STDC_HEADERS 1
| #define HAVE_SYS_TYPES_H 1
| #define HAVE_SYS_STAT_H 1
| #define HAVE_STDLIB_H 1
| #define HAVE_STRING_H 1
| #define HAVE_MEMORY_H 1
| #define HAVE_STRINGS_H 1
| #define HAVE_INTTYPES_H 1
| #define HAVE_STDINT_H 1
| #define HAVE_UNISTD_H 1
| #define HAVE_DLFCN_H 1
| #ifdef __cplusplus
| extern "C" void exit (int) throw ();
| #endif
| #define STDC_HEADERS 1
| #define HAVE_SYS_WAIT_H 1
| #define HAVE_ASSERT_H 1
| #define HAVE_LIMITS_H 1
| #define HAVE_UNISTD_H 1
| #define HAVE_SYS_TYPES_H 1
| #define HAVE_FCNTL_H 1
| #define HAVE_ERRNO_H 1
| #define SIZEOF_INT 4
| #define SIZEOF_LONG 4
| /* end confdefs.h.  */
| #include <stdio.h>
| #if HAVE_SYS_TYPES_H
| # include <sys/types.h>
| #endif
| #if HAVE_SYS_STAT_H
| # include <sys/stat.h>
| #endif
| #if STDC_HEADERS
| # include <stdlib.h>
| # include <stddef.h>
| #else
| # if HAVE_STDLIB_H
| #  include <stdlib.h>
| # endif
| #endif
| #if HAVE_STRING_H
| # if !STDC_HEADERS && HAVE_MEMORY_H
| #  include <memory.h>
| # endif
| # include <string.h>
| #endif
| #if HAVE_STRINGS_H
| # include <strings.h>
| #endif
| #if HAVE_INTTYPES_H
| # include <inttypes.h>
| #else
| # if HAVE_STDINT_H
| #  include <stdint.h>
| # endif
| #endif
| #if HAVE_UNISTD_H
| # include <unistd.h>
| #endif
| int
| main ()
| {
| static int test_array [1 - 2 * !(((long) (sizeof (long long))) <= 1)];
| test_array [0] = 0
| 
|   ;
|   return 0;
| }
configure:20969: arm-linux-gcc -c -Wall  conftest.c >&5
conftest.c: In function 'main':
conftest.c:72: error: size of array 'test_array' is negative
configure:20975: $? = 1
configure: failed program was:
| /* confdefs.h.  */
| 
| #define PACKAGE_NAME "MPEG Audio Decoder"
| #define PACKAGE_TARNAME "libmad"
| #define PACKAGE_VERSION "0.15.1b"
| #define PACKAGE_STRING "MPEG Audio Decoder 0.15.1b"
| #define PACKAGE_BUGREPORT "support@underbit.com"
| #define PACKAGE "libmad"
| #define VERSION "0.15.1b"
| #define STDC_HEADERS 1
| #define HAVE_SYS_TYPES_H 1
| #define HAVE_SYS_STAT_H 1
| #define HAVE_STDLIB_H 1
| #define HAVE_STRING_H 1
| #define HAVE_MEMORY_H 1
| #define HAVE_STRINGS_H 1
| #define HAVE_INTTYPES_H 1
| #define HAVE_STDINT_H 1
| #define HAVE_UNISTD_H 1
| #define HAVE_DLFCN_H 1
| #ifdef __cplusplus
| extern "C" void exit (int) throw ();
| #endif
| #define STDC_HEADERS 1
| #define HAVE_SYS_WAIT_H 1
| #define HAVE_ASSERT_H 1
| #define HAVE_LIMITS_H 1
| #define HAVE_UNISTD_H 1
| #define HAVE_SYS_TYPES_H 1
| #define HAVE_FCNTL_H 1
| #define HAVE_ERRNO_H 1
| #define SIZEOF_INT 4
| #define SIZEOF_LONG 4
| /* end confdefs.h.  */
| #include <stdio.h>
| #if HAVE_SYS_TYPES_H
| # include <sys/types.h>
| #endif
| #if HAVE_SYS_STAT_H
| # include <sys/stat.h>
| #endif
| #if STDC_HEADERS
| # include <stdlib.h>
| # include <stddef.h>
| #else
| # if HAVE_STDLIB_H
| #  include <stdlib.h>
| # endif
| #endif
| #if HAVE_STRING_H
| # if !STDC_HEADERS && HAVE_MEMORY_H
| #  include <memory.h>
| # endif
| # include <string.h>
| #endif
| #if HAVE_STRINGS_H
| # include <strings.h>
| #endif
| #if HAVE_INTTYPES_H
| # include <inttypes.h>
| #else
| # if HAVE_STDINT_H
| #  include <stdint.h>
| # endif
| #endif
| #if HAVE_UNISTD_H
| # include <unistd.h>
| #endif
| int
| main ()
| {
| static int test_array [1 - 2 * !(((long) (sizeof (long long))) <= 3)];
| test_array [0] = 0
| 
|   ;
|   return 0;
| }
configure:20969: arm-linux-gcc -c -Wall  conftest.c >&5
conftest.c: In function 'main':
conftest.c:72: error: size of array 'test_array' is negative
configure:20975: $? = 1
configure: failed program was:
| /* confdefs.h.  */
| 
| #define PACKAGE_NAME "MPEG Audio Decoder"
| #define PACKAGE_TARNAME "libmad"
| #define PACKAGE_VERSION "0.15.1b"
| #define PACKAGE_STRING "MPEG Audio Decoder 0.15.1b"
| #define PACKAGE_BUGREPORT "support@underbit.com"
| #define PACKAGE "libmad"
| #define VERSION "0.15.1b"
| #define STDC_HEADERS 1
| #define HAVE_SYS_TYPES_H 1
| #define HAVE_SYS_STAT_H 1
| #define HAVE_STDLIB_H 1
| #define HAVE_STRING_H 1
| #define HAVE_MEMORY_H 1
| #define HAVE_STRINGS_H 1
| #define HAVE_INTTYPES_H 1
| #define HAVE_STDINT_H 1
| #define HAVE_UNISTD_H 1
| #define HAVE_DLFCN_H 1
| #ifdef __cplusplus
| extern "C" void exit (int) throw ();
| #endif
| #define STDC_HEADERS 1
| #define HAVE_SYS_WAIT_H 1
| #define HAVE_ASSERT_H 1
| #define HAVE_LIMITS_H 1
| #define HAVE_UNISTD_H 1
| #define HAVE_SYS_TYPES_H 1
| #define HAVE_FCNTL_H 1
| #define HAVE_ERRNO_H 1
| #define SIZEOF_INT 4
| #define SIZEOF_LONG 4
| /* end confdefs.h.  */
| #include <stdio.h>
| #if HAVE_SYS_TYPES_H
| # include <sys/types.h>
| #endif
| #if HAVE_SYS_STAT_H
| # include <sys/stat.h>
| #endif
| #if STDC_HEADERS
| # include <stdlib.h>
| # include <stddef.h>
| #else
| # if HAVE_STDLIB_H
| #  include <stdlib.h>
| # endif
| #endif
| #if HAVE_STRING_H
| # if !STDC_HEADERS && HAVE_MEMORY_H
| #  include <memory.h>
| # endif
| # include <string.h>
| #endif
| #if HAVE_STRINGS_H
| # include <strings.h>
| #endif
| #if HAVE_INTTYPES_H
| # include <inttypes.h>
| #else
| # if HAVE_STDINT_H
| #  include <stdint.h>
| # endif
| #endif
| #if HAVE_UNISTD_H
| # include <unistd.h>
| #endif
| int
| main ()
| {
| static int test_array [1 - 2 * !(((long) (sizeof (long long))) <= 7)];
| test_array [0] = 0
| 
|   ;
|   return 0;
| }
configure:20969: arm-linux-gcc -c -Wall  conftest.c >&5
configure:20975: $? = 0
configure:20978: test -z 			 || test ! -s conftest.err
configure:20981: $? = 0
configure:20984: test -s conftest.o
configure:20987: $? = 0
configure:21129: arm-linux-gcc -c -Wall  conftest.c >&5
configure:21135: $? = 0
configure:21138: test -z 			 || test ! -s conftest.err
configure:21141: $? = 0
configure:21144: test -s conftest.o
configure:21147: $? = 0
configure:21129: arm-linux-gcc -c -Wall  conftest.c >&5
configure:21135: $? = 0
configure:21138: test -z 			 || test ! -s conftest.err
configure:21141: $? = 0
configure:21144: test -s conftest.o
configure:21147: $? = 0
configure:21129: arm-linux-gcc -c -Wall  conftest.c >&5
configure:21135: $? = 0
configure:21138: test -z 			 || test ! -s conftest.err
configure:21141: $? = 0
configure:21144: test -s conftest.o
configure:21147: $? = 0
configure:21242: result: 8
configure:21258: checking for waitpid
configure:21315: arm-linux-gcc -o conftest -Wall   conftest.c  >&5
configure:21321: $? = 0
configure:21324: test -z 			 || test ! -s conftest.err
configure:21327: $? = 0
configure:21330: test -s conftest
configure:21333: $? = 0
configure:21345: result: yes
configure:21258: checking for fcntl
configure:21315: arm-linux-gcc -o conftest -Wall   conftest.c  >&5
configure:21321: $? = 0
configure:21324: test -z 			 || test ! -s conftest.err
configure:21327: $? = 0
configure:21330: test -s conftest
configure:21333: $? = 0
configure:21345: result: yes
configure:21258: checking for pipe
configure:21315: arm-linux-gcc -o conftest -Wall   conftest.c  >&5
configure:21321: $? = 0
configure:21324: test -z 			 || test ! -s conftest.err
configure:21327: $? = 0
configure:21330: test -s conftest
configure:21333: $? = 0
configure:21345: result: yes
configure:21258: checking for fork
configure:21315: arm-linux-gcc -o conftest -Wall   conftest.c  >&5
conftest.c:63: warning: conflicting types for built-in function 'fork'
configure:21321: $? = 0
configure:21324: test -z 			 || test ! -s conftest.err
configure:21327: $? = 0
configure:21330: test -s conftest
configure:21333: $? = 0
configure:21345: result: yes
configure:21417: checking whether to optimize for speed or for accuracy
configure:21459: result: default
configure:21469: checking for architecture-specific fixed-point math routines
configure:21508: result: ARM
configure:21564: checking for ISO/IEC interpretation
configure:21582: result: best accepted practices
configure:21585: checking whether to enable profiling
configure:21596: result: no
configure:21599: checking whether to enable debugging
configure:21636: result: default
configure:21639: checking whether to enable experimental code
configure:21656: result: no
configure:21784: creating ./config.status

## ---------------------- ##
## Running config.status. ##
## ---------------------- ##

This file was extended by MPEG Audio Decoder config.status 0.15.1b, which was
generated by GNU Autoconf 2.59.  Invocation command line was

  CONFIG_FILES    = 
  CONFIG_HEADERS  = 
  CONFIG_LINKS    = 
  CONFIG_COMMANDS = 
  $ ./config.status 

on sunny-virtual-machine

config.status:759: creating Makefile
config.status:759: creating msvc++/Makefile
config.status:759: creating libmad.list
config.status:825: creating config.h
config.status:1143: executing depfiles commands

## ---------------- ##
## Cache variables. ##
## ---------------- ##

ac_cv_build=x86_64-unknown-linux-gnu
ac_cv_build_alias=x86_64-unknown-linux-gnu
ac_cv_c_bigendian=no
ac_cv_c_compiler_gnu=yes
ac_cv_c_const=yes
ac_cv_c_inline=inline
ac_cv_cxx_compiler_gnu=yes
ac_cv_env_CCASFLAGS_set=
ac_cv_env_CCASFLAGS_value=
ac_cv_env_CCAS_set=
ac_cv_env_CCAS_value=
ac_cv_env_CC_set=
ac_cv_env_CC_value=
ac_cv_env_CFLAGS_set=
ac_cv_env_CFLAGS_value=
ac_cv_env_CPPFLAGS_set=
ac_cv_env_CPPFLAGS_value=
ac_cv_env_CPP_set=
ac_cv_env_CPP_value=
ac_cv_env_CXXCPP_set=
ac_cv_env_CXXCPP_value=
ac_cv_env_CXXFLAGS_set=
ac_cv_env_CXXFLAGS_value=
ac_cv_env_CXX_set=
ac_cv_env_CXX_value=
ac_cv_env_F77_set=
ac_cv_env_F77_value=
ac_cv_env_FFLAGS_set=
ac_cv_env_FFLAGS_value=
ac_cv_env_LDFLAGS_set=
ac_cv_env_LDFLAGS_value=
ac_cv_env_build_alias_set=
ac_cv_env_build_alias_value=
ac_cv_env_host_alias_set=set
ac_cv_env_host_alias_value=arm-linux
ac_cv_env_target_alias_set=
ac_cv_env_target_alias_value=
ac_cv_exeext=
ac_cv_f77_compiler_gnu=no
ac_cv_func_fcntl=yes
ac_cv_func_fork=yes
ac_cv_func_pipe=yes
ac_cv_func_waitpid=yes
ac_cv_header_assert_h=yes
ac_cv_header_dlfcn_h=yes
ac_cv_header_errno_h=yes
ac_cv_header_fcntl_h=yes
ac_cv_header_inttypes_h=yes
ac_cv_header_limits_h=yes
ac_cv_header_memory_h=yes
ac_cv_header_stdc=yes
ac_cv_header_stdint_h=yes
ac_cv_header_stdlib_h=yes
ac_cv_header_string_h=yes
ac_cv_header_strings_h=yes
ac_cv_header_sys_stat_h=yes
ac_cv_header_sys_types_h=yes
ac_cv_header_sys_wait_h=yes
ac_cv_header_unistd_h=yes
ac_cv_host=arm-unknown-linux-gnu
ac_cv_host_alias=arm-linux
ac_cv_objext=o
ac_cv_path_install='/usr/bin/install -c'
ac_cv_prog_AR=arm-linux-ar
ac_cv_prog_AWK=mawk
ac_cv_prog_CC=arm-linux-gcc
ac_cv_prog_CPP='arm-linux-gcc -E'
ac_cv_prog_CXX=arm-linux-g++
ac_cv_prog_CXXCPP='arm-linux-g++ -E'
ac_cv_prog_RANLIB=arm-linux-ranlib
ac_cv_prog_STRIP=arm-linux-strip
ac_cv_prog_cc_g=yes
ac_cv_prog_cc_stdc=
ac_cv_prog_cxx_g=yes
ac_cv_prog_egrep='grep -E'
ac_cv_prog_f77_g=no
ac_cv_prog_make_make_set=yes
ac_cv_sizeof_int=4
ac_cv_sizeof_long=4
ac_cv_sizeof_long_long=8
ac_cv_type_int=yes
ac_cv_type_long=yes
ac_cv_type_long_long=yes
ac_cv_type_pid_t=yes
am_cv_CC_dependencies_compiler_type=gcc3
am_cv_CXX_dependencies_compiler_type=gcc3
lt_cv_deplibs_check_method=pass_all
lt_cv_file_magic_cmd='$MAGIC_CMD'
lt_cv_file_magic_test_file=
lt_cv_ld_reload_flag=-r
lt_cv_objdir=.libs
lt_cv_path_LD=/usr/local/arm_linux_4.2/arm-none-linux-gnueabi/bin/ld
lt_cv_path_LDCXX=/usr/local/arm_linux_4.2/arm-none-linux-gnueabi/bin/ld
lt_cv_path_NM='/usr/local/arm_linux_4.2/bin/arm-linux-nm -B'
lt_cv_path_SED=/bin/sed
lt_cv_prog_compiler_c_o=yes
lt_cv_prog_compiler_c_o_CXX=yes
lt_cv_prog_compiler_rtti_exceptions=no
lt_cv_prog_gnu_ld=yes
lt_cv_prog_gnu_ldcxx=yes
lt_cv_sys_global_symbol_pipe='sed -n -e '\''s/^.*[ 	]\([ABCDGIRSTW][ABCDGIRSTW]*\)[ 	][ 	]*\(\)\([_A-Za-z][_A-Za-z0-9]*\)$/\1 \2\3 \3/p'\'''
lt_cv_sys_global_symbol_to_c_name_address='sed -n -e '\''s/^: \([^ ]*\) $/  {\"\1\", (lt_ptr) 0},/p'\'' -e '\''s/^[BCDEGRST] \([^ ]*\) \([^ ]*\)$/  {"\2", (lt_ptr) \&\2},/p'\'''
lt_cv_sys_global_symbol_to_cdecl='sed -n -e '\''s/^. .* \(.*\)$/extern int \1;/p'\'''
lt_cv_sys_max_cmd_len=32768
lt_lt_cv_prog_compiler_c_o='"yes"'
lt_lt_cv_prog_compiler_c_o_CXX='"yes"'
lt_lt_cv_sys_global_symbol_pipe='"sed -n -e '\''s/^.*[ 	]\\([ABCDGIRSTW][ABCDGIRSTW]*\\)[ 	][ 	]*\\(\\)\\([_A-Za-z][_A-Za-z0-9]*\\)\$/\\1 \\2\\3 \\3/p'\''"'
lt_lt_cv_sys_global_symbol_to_c_name_address='"sed -n -e '\''s/^: \\([^ ]*\\) \$/  {\\\"\\1\\\", (lt_ptr) 0},/p'\'' -e '\''s/^[BCDEGRST] \\([^ ]*\\) \\([^ ]*\\)\$/  {\"\\2\", (lt_ptr) \\&\\2},/p'\''"'
lt_lt_cv_sys_global_symbol_to_cdecl='"sed -n -e '\''s/^. .* \\(.*\\)\$/extern int \\1;/p'\''"'

## ----------------- ##
## Output variables. ##
## ----------------- ##

ACLOCAL='${SHELL} /home/sunny/workspace/madplay/libmad-0.15.1b/missing --run aclocal-1.8'
AMDEPBACKSLASH='\'
AMDEP_FALSE='#'
AMDEP_TRUE=''
AMTAR='${SHELL} /home/sunny/workspace/madplay/libmad-0.15.1b/missing --run tar'
AR='arm-linux-ar'
ASO=' -DASO_INTERLEAVE1 -DASO_IMDCT'
ASO_OBJS='imdct_l_arm.lo'
AUTOCONF='${SHELL} /home/sunny/workspace/madplay/libmad-0.15.1b/missing --run autoconf'
AUTOHEADER='${SHELL} /home/sunny/workspace/madplay/libmad-0.15.1b/missing --run autoheader'
AUTOMAKE='${SHELL} /home/sunny/workspace/madplay/libmad-0.15.1b/missing --run automake-1.8'
AWK='mawk'
CC='arm-linux-gcc'
CCAS='arm-linux-gcc'
CCASFLAGS='-g -O2'
CCDEPMODE='depmode=gcc3'
CFLAGS='-Wall -g -O -fforce-mem -fforce-addr -fthread-jumps -fcse-follow-jumps -fcse-skip-blocks -fexpensive-optimizations -fregmove -fschedule-insns2 -fstrength-reduce'
CPP='arm-linux-gcc -E'
CPPFLAGS=''
CXX='arm-linux-g++'
CXXCPP='arm-linux-g++ -E'
CXXDEPMODE='depmode=gcc3'
CXXFLAGS='-g -O2'
CYGPATH_W='echo'
DEFS='-DHAVE_CONFIG_H'
DEPDIR='.deps'
ECHO='echo'
ECHO_C=''
ECHO_N='-n'
ECHO_T=''
EGREP='grep -E'
EXEEXT=''
F77=''
FFLAGS=''
FPM='-DFPM_ARM'
INSTALL_DATA='${INSTALL} -m 644'
INSTALL_PROGRAM='${INSTALL}'
INSTALL_SCRIPT='${INSTALL}'
INSTALL_STRIP_PROGRAM='${SHELL} $(install_sh) -c -s'
LDFLAGS=''
LIBOBJS=''
LIBS=''
LIBTOOL='$(SHELL) $(top_builddir)/libtool'
LIBTOOL_DEPS='./ltmain.sh'
LN_S='ln -s'
LTLIBOBJS=''
MAKEINFO='${SHELL} /home/sunny/workspace/madplay/libmad-0.15.1b/missing --run makeinfo'
OBJEXT='o'
PACKAGE='libmad'
PACKAGE_BUGREPORT='support@underbit.com'
PACKAGE_NAME='MPEG Audio Decoder'
PACKAGE_STRING='MPEG Audio Decoder 0.15.1b'
PACKAGE_TARNAME='libmad'
PACKAGE_VERSION='0.15.1b'
PATH_SEPARATOR=':'
RANLIB='arm-linux-ranlib'
SET_MAKE=''
SHELL='/bin/bash'
STRIP='arm-linux-strip'
VERSION='0.15.1b'
ac_ct_AR=''
ac_ct_CC=''
ac_ct_CXX=''
ac_ct_F77=''
ac_ct_RANLIB=''
ac_ct_STRIP=''
am__fastdepCC_FALSE='#'
am__fastdepCC_TRUE=''
am__fastdepCXX_FALSE='#'
am__fastdepCXX_TRUE=''
am__include='include'
am__leading_dot='.'
am__quote=''
bindir='${exec_prefix}/bin'
build='x86_64-unknown-linux-gnu'
build_alias=''
build_cpu='x86_64'
build_os='linux-gnu'
build_vendor='unknown'
datadir='${prefix}/share'
exec_prefix='${prefix}'
host='arm-unknown-linux-gnu'
host_alias='arm-linux'
host_cpu='arm'
host_os='linux-gnu'
host_vendor='unknown'
includedir='${prefix}/include'
infodir='${prefix}/info'
install_sh='/home/sunny/workspace/madplay/libmad-0.15.1b/install-sh'
libdir='${exec_prefix}/lib'
libexecdir='${exec_prefix}/libexec'
localstatedir='${prefix}/var'
mandir='${prefix}/man'
mkdir_p='mkdir -p -- .'
oldincludedir='/usr/include'
prefix='/home/sunny/workspace/madplay/_install_arm'
program_transform_name='s,x,x,'
sbindir='${exec_prefix}/sbin'
sharedstatedir='${prefix}/com'
sysconfdir='${prefix}/etc'
target_alias=''

## ----------- ##
## confdefs.h. ##
## ----------- ##

#define HAVE_ASSERT_H 1
#define HAVE_DLFCN_H 1
#define HAVE_ERRNO_H 1
#define HAVE_FCNTL 1
#define HAVE_FCNTL_H 1
#define HAVE_FORK 1
#define HAVE_INTTYPES_H 1
#define HAVE_LIMITS_H 1
#define HAVE_MEMORY_H 1
#define HAVE_PIPE 1
#define HAVE_STDINT_H 1
#define HAVE_STDLIB_H 1
#define HAVE_STRINGS_H 1
#define HAVE_STRING_H 1
#define HAVE_SYS_STAT_H 1
#define HAVE_SYS_TYPES_H 1
#define HAVE_SYS_TYPES_H 1
#define HAVE_SYS_WAIT_H 1
#define HAVE_UNISTD_H 1
#define HAVE_UNISTD_H 1
#define HAVE_WAITPID 1
#define PACKAGE "libmad"
#define PACKAGE_BUGREPORT "support@underbit.com"
#define PACKAGE_NAME "MPEG Audio Decoder"
#define PACKAGE_STRING "MPEG Audio Decoder 0.15.1b"
#define PACKAGE_TARNAME "libmad"
#define PACKAGE_VERSION "0.15.1b"
#define SIZEOF_INT 4
#define SIZEOF_LONG 4
#define SIZEOF_LONG_LONG 8
#define STDC_HEADERS 1
#define STDC_HEADERS 1
#define VERSION "0.15.1b"
#endif
#ifdef __cplusplus
extern "C" void exit (int) throw ();

configure: exit 0
